<?xml version="1.0" encoding="UTF-8"?>
<coverage generated="1740778783732" clover="3.2.0">
  <project timestamp="1740778783732" name="All files">
    <metrics statements="239" coveredstatements="188" conditionals="10" coveredconditionals="10" methods="100" coveredmethods="61" elements="349" coveredelements="259" complexity="0" loc="239" ncloc="239" packages="1" files="1" classes="1"/>
    <file name="setup.ts" path="/Users/jonobrandel/Documents/two.js/tests/types/setup.ts">
      <metrics statements="239" coveredstatements="188" conditionals="10" coveredconditionals="10" methods="100" coveredmethods="61"/>
      <line num="11" count="86" type="stmt"/>
      <line num="12" count="86" type="stmt"/>
      <line num="15" count="4" type="stmt"/>
      <line num="16" count="4" type="stmt"/>
      <line num="17" count="4" type="stmt"/>
      <line num="19" count="0" type="stmt"/>
      <line num="20" count="0" type="stmt"/>
      <line num="21" count="0" type="stmt"/>
      <line num="25" count="71" type="stmt"/>
      <line num="26" count="71" type="stmt"/>
      <line num="27" count="0" type="stmt"/>
      <line num="28" count="0" type="stmt"/>
      <line num="29" count="0" type="stmt"/>
      <line num="33" count="0" type="stmt"/>
      <line num="34" count="0" type="stmt"/>
      <line num="35" count="0" type="stmt"/>
      <line num="39" count="48" type="stmt"/>
      <line num="40" count="48" type="stmt"/>
      <line num="41" count="0" type="stmt"/>
      <line num="45" count="34" type="stmt"/>
      <line num="46" count="34" type="stmt"/>
      <line num="47" count="34" type="stmt"/>
      <line num="48" count="34" type="stmt"/>
      <line num="49" count="34" type="stmt"/>
      <line num="50" count="0" type="stmt"/>
      <line num="51" count="0" type="stmt"/>
      <line num="52" count="0" type="stmt"/>
      <line num="56" count="17" type="stmt"/>
      <line num="57" count="17" type="stmt"/>
      <line num="58" count="17" type="stmt"/>
      <line num="59" count="17" type="stmt"/>
      <line num="60" count="17" type="stmt"/>
      <line num="61" count="17" type="stmt"/>
      <line num="62" count="17" type="stmt"/>
      <line num="63" count="17" type="stmt"/>
      <line num="64" count="17" type="stmt"/>
      <line num="65" count="17" type="stmt"/>
      <line num="66" count="17" type="stmt"/>
      <line num="67" count="17" type="stmt"/>
      <line num="68" count="17" type="stmt"/>
      <line num="69" count="17" type="stmt"/>
      <line num="70" count="17" type="stmt"/>
      <line num="71" count="0" type="stmt"/>
      <line num="72" count="0" type="stmt"/>
      <line num="74" count="0" type="stmt"/>
      <line num="79" count="15" type="stmt"/>
      <line num="80" count="15" type="stmt"/>
      <line num="81" count="15" type="stmt"/>
      <line num="82" count="15" type="stmt"/>
      <line num="83" count="15" type="stmt"/>
      <line num="84" count="15" type="stmt"/>
      <line num="86" count="3" type="stmt"/>
      <line num="87" count="1" type="stmt"/>
      <line num="88" count="0" type="stmt"/>
      <line num="89" count="1" type="stmt"/>
      <line num="90" count="1" type="stmt"/>
      <line num="92" count="1" type="stmt"/>
      <line num="97" count="9" type="stmt"/>
      <line num="101" count="9" type="stmt"/>
      <line num="106" count="7" type="stmt"/>
      <line num="107" count="7" type="stmt"/>
      <line num="108" count="7" type="stmt"/>
      <line num="112" count="5" type="stmt"/>
      <line num="116" count="1" type="stmt"/>
      <line num="117" count="1" type="stmt"/>
      <line num="121" count="1" type="stmt"/>
      <line num="122" count="1" type="stmt"/>
      <line num="126" count="1" type="stmt"/>
      <line num="130" count="1" type="stmt"/>
      <line num="131" count="1" type="stmt"/>
      <line num="132" count="1" type="stmt"/>
      <line num="136" count="1" type="stmt"/>
      <line num="137" count="1" type="stmt"/>
      <line num="138" count="1" type="stmt"/>
      <line num="142" count="0" type="stmt"/>
      <line num="143" count="0" type="stmt"/>
      <line num="144" count="0" type="stmt"/>
      <line num="145" count="0" type="stmt"/>
      <line num="149" count="0" type="stmt"/>
      <line num="150" count="0" type="stmt"/>
      <line num="151" count="0" type="stmt"/>
      <line num="152" count="0" type="stmt"/>
      <line num="153" count="0" type="stmt"/>
      <line num="154" count="0" type="stmt"/>
      <line num="155" count="0" type="stmt"/>
      <line num="156" count="0" type="stmt"/>
      <line num="157" count="0" type="stmt"/>
      <line num="158" count="0" type="stmt"/>
      <line num="159" count="0" type="stmt"/>
      <line num="164" count="4" type="stmt"/>
      <line num="165" count="4" type="stmt"/>
      <line num="166" count="4" type="stmt"/>
      <line num="170" count="4" type="stmt"/>
      <line num="171" count="4" type="stmt"/>
      <line num="172" count="4" type="stmt"/>
      <line num="176" count="2" type="stmt"/>
      <line num="177" count="2" type="stmt"/>
      <line num="181" count="2" type="stmt"/>
      <line num="182" count="2" type="stmt"/>
      <line num="183" count="2" type="stmt"/>
      <line num="187" count="6" type="stmt"/>
      <line num="188" count="6" type="stmt"/>
      <line num="189" count="6" type="stmt"/>
      <line num="190" count="6" type="stmt"/>
      <line num="192" count="6" type="stmt"/>
      <line num="193" count="6" type="stmt"/>
      <line num="195" count="1" type="stmt"/>
      <line num="199" count="1" type="stmt"/>
      <line num="200" count="1" type="stmt"/>
      <line num="201" count="1" type="stmt"/>
      <line num="202" count="1" type="stmt"/>
      <line num="203" count="1" type="stmt"/>
      <line num="204" count="1" type="stmt"/>
      <line num="205" count="1" type="stmt"/>
      <line num="206" count="1" type="stmt"/>
      <line num="210" count="1" type="stmt"/>
      <line num="211" count="1" type="stmt"/>
      <line num="212" count="1" type="stmt"/>
      <line num="213" count="1" type="stmt"/>
      <line num="214" count="1" type="stmt"/>
      <line num="215" count="1" type="stmt"/>
      <line num="219" count="0" type="stmt"/>
      <line num="220" count="0" type="stmt"/>
      <line num="221" count="0" type="stmt"/>
      <line num="222" count="0" type="stmt"/>
      <line num="223" count="0" type="stmt"/>
      <line num="224" count="0" type="stmt"/>
      <line num="225" count="0" type="stmt"/>
      <line num="226" count="0" type="stmt"/>
      <line num="227" count="0" type="stmt"/>
      <line num="228" count="0" type="stmt"/>
      <line num="229" count="0" type="stmt"/>
      <line num="230" count="0" type="stmt"/>
      <line num="231" count="0" type="stmt"/>
      <line num="232" count="0" type="stmt"/>
      <line num="233" count="0" type="stmt"/>
      <line num="234" count="0" type="stmt"/>
      <line num="235" count="0" type="stmt"/>
      <line num="236" count="0" type="stmt"/>
      <line num="238" count="0" type="stmt"/>
      <line num="244" count="1" type="stmt"/>
      <line num="245" count="1" type="stmt"/>
      <line num="246" count="1" type="stmt"/>
      <line num="247" count="1" type="stmt"/>
      <line num="249" count="1" type="stmt"/>
      <line num="250" count="1" type="stmt"/>
      <line num="251" count="1" type="stmt"/>
      <line num="253" count="1" type="stmt"/>
      <line num="257" count="1" type="stmt"/>
      <line num="258" count="1" type="stmt"/>
      <line num="259" count="1" type="stmt"/>
      <line num="260" count="1" type="stmt"/>
      <line num="261" count="1" type="stmt"/>
      <line num="263" count="1" type="stmt"/>
      <line num="264" count="1" type="stmt"/>
      <line num="265" count="1" type="stmt"/>
      <line num="267" count="1" type="stmt"/>
      <line num="271" count="1" type="stmt"/>
      <line num="272" count="1" type="stmt"/>
      <line num="273" count="1" type="stmt"/>
      <line num="274" count="1" type="stmt"/>
      <line num="275" count="1" type="stmt"/>
      <line num="277" count="1" type="stmt"/>
      <line num="278" count="1" type="stmt"/>
      <line num="279" count="1" type="stmt"/>
      <line num="281" count="1" type="stmt"/>
      <line num="286" count="1" type="stmt"/>
      <line num="287" count="1" type="stmt"/>
      <line num="288" count="1" type="stmt"/>
      <line num="289" count="1" type="stmt"/>
      <line num="290" count="1" type="stmt"/>
      <line num="295" count="1" type="stmt"/>
      <line num="296" count="1" type="stmt"/>
      <line num="301" count="6" type="cond" truecount="1" falsecount="0"/>
      <line num="302" count="7" type="cond" truecount="2" falsecount="0"/>
      <line num="303" count="7" type="cond" truecount="2" falsecount="0"/>
      <line num="304" count="7" type="cond" truecount="2" falsecount="0"/>
      <line num="305" count="7" type="stmt"/>
      <line num="310" count="7" type="stmt"/>
      <line num="311" count="7" type="stmt"/>
      <line num="312" count="7" type="stmt"/>
      <line num="313" count="7" type="stmt"/>
      <line num="317" count="6" type="stmt"/>
      <line num="322" count="6" type="stmt"/>
      <line num="323" count="6" type="stmt"/>
      <line num="324" count="6" type="stmt"/>
      <line num="325" count="6" type="stmt"/>
      <line num="326" count="6" type="stmt"/>
      <line num="328" count="1" type="stmt"/>
      <line num="329" count="1" type="stmt"/>
      <line num="330" count="1" type="stmt"/>
      <line num="331" count="1" type="stmt"/>
      <line num="337" count="1" type="stmt"/>
      <line num="344" count="6" type="stmt"/>
      <line num="345" count="6" type="stmt"/>
      <line num="346" count="6" type="stmt"/>
      <line num="347" count="6" type="stmt"/>
      <line num="348" count="6" type="stmt"/>
      <line num="349" count="6" type="stmt"/>
      <line num="350" count="6" type="stmt"/>
      <line num="351" count="6" type="stmt"/>
      <line num="352" count="6" type="stmt"/>
      <line num="353" count="6" type="stmt"/>
      <line num="354" count="6" type="stmt"/>
      <line num="355" count="6" type="stmt"/>
      <line num="356" count="6" type="stmt"/>
      <line num="357" count="6" type="stmt"/>
      <line num="358" count="6" type="stmt"/>
      <line num="359" count="6" type="stmt"/>
      <line num="360" count="6" type="stmt"/>
      <line num="361" count="6" type="stmt"/>
      <line num="362" count="6" type="stmt"/>
      <line num="363" count="6" type="stmt"/>
      <line num="364" count="6" type="stmt"/>
      <line num="365" count="6" type="stmt"/>
      <line num="366" count="6" type="stmt"/>
      <line num="367" count="6" type="stmt"/>
      <line num="368" count="6" type="stmt"/>
      <line num="369" count="6" type="stmt"/>
      <line num="370" count="6" type="stmt"/>
      <line num="373" count="6" type="stmt"/>
      <line num="374" count="6" type="stmt"/>
      <line num="375" count="6" type="stmt"/>
      <line num="376" count="6" type="stmt"/>
      <line num="377" count="6" type="stmt"/>
      <line num="378" count="6" type="stmt"/>
      <line num="379" count="6" type="stmt"/>
      <line num="380" count="6" type="stmt"/>
      <line num="381" count="6" type="stmt"/>
      <line num="382" count="6" type="stmt"/>
      <line num="383" count="6" type="stmt"/>
      <line num="384" count="6" type="stmt"/>
      <line num="385" count="6" type="stmt"/>
      <line num="386" count="6" type="stmt"/>
      <line num="387" count="6" type="stmt"/>
      <line num="388" count="6" type="stmt"/>
      <line num="389" count="6" type="stmt"/>
      <line num="390" count="6" type="stmt"/>
      <line num="393" count="6" type="stmt"/>
    </file>
  </project>
</coverage>
