{"/Users/jonobrandel/Documents/two.js/tests/types/setup.ts": {"path":"/Users/jonobrandel/Documents/two.js/tests/types/setup.ts","statementMap":{"0":{"start":{"line":11,"column":4},"end":{"line":11,"column":15}},"1":{"start":{"line":12,"column":4},"end":{"line":12,"column":15}},"2":{"start":{"line":15,"column":4},"end":{"line":15,"column":15}},"3":{"start":{"line":16,"column":4},"end":{"line":16,"column":15}},"4":{"start":{"line":17,"column":4},"end":{"line":17,"column":16}},"5":{"start":{"line":19,"column":10},"end":{"line":19,"column":22}},"6":{"start":{"line":20,"column":10},"end":{"line":20,"column":22}},"7":{"start":{"line":21,"column":29},"end":{"line":21,"column":38}},"8":{"start":{"line":25,"column":2},"end":{"line":25,"column":51}},"9":{"start":{"line":26,"column":2},"end":{"line":26,"column":17}},"10":{"start":{"line":27,"column":36},"end":{"line":27,"column":48}},"11":{"start":{"line":28,"column":32},"end":{"line":28,"column":44}},"12":{"start":{"line":29,"column":22},"end":{"line":29,"column":34}},"13":{"start":{"line":33,"column":23},"end":{"line":33,"column":35}},"14":{"start":{"line":34,"column":9},"end":{"line":34,"column":21}},"15":{"start":{"line":35,"column":14},"end":{"line":35,"column":26}},"16":{"start":{"line":39,"column":2},"end":{"line":39,"column":10}},"17":{"start":{"line":40,"column":2},"end":{"line":40,"column":17}},"18":{"start":{"line":41,"column":16},"end":{"line":41,"column":28}},"19":{"start":{"line":45,"column":2},"end":{"line":45,"column":26}},"20":{"start":{"line":46,"column":2},"end":{"line":46,"column":15}},"21":{"start":{"line":47,"column":2},"end":{"line":47,"column":29}},"22":{"start":{"line":48,"column":2},"end":{"line":48,"column":24}},"23":{"start":{"line":49,"column":2},"end":{"line":49,"column":29}},"24":{"start":{"line":50,"column":24},"end":{"line":50,"column":36}},"25":{"start":{"line":51,"column":13},"end":{"line":51,"column":25}},"26":{"start":{"line":52,"column":14},"end":{"line":52,"column":26}},"27":{"start":{"line":56,"column":2},"end":{"line":56,"column":26}},"28":{"start":{"line":57,"column":2},"end":{"line":57,"column":17}},"29":{"start":{"line":58,"column":2},"end":{"line":58,"column":17}},"30":{"start":{"line":59,"column":2},"end":{"line":59,"column":19}},"31":{"start":{"line":60,"column":2},"end":{"line":60,"column":45}},"32":{"start":{"line":61,"column":2},"end":{"line":61,"column":47}},"33":{"start":{"line":62,"column":2},"end":{"line":62,"column":16}},"34":{"start":{"line":63,"column":2},"end":{"line":63,"column":14}},"35":{"start":{"line":64,"column":2},"end":{"line":64,"column":17}},"36":{"start":{"line":65,"column":2},"end":{"line":65,"column":16}},"37":{"start":{"line":66,"column":2},"end":{"line":66,"column":17}},"38":{"start":{"line":67,"column":2},"end":{"line":67,"column":12}},"39":{"start":{"line":68,"column":2},"end":{"line":68,"column":16}},"40":{"start":{"line":69,"column":2},"end":{"line":69,"column":13}},"41":{"start":{"line":70,"column":2},"end":{"line":70,"column":24}},"42":{"start":{"line":71,"column":13},"end":{"line":71,"column":25}},"43":{"start":{"line":72,"column":15},"end":{"line":72,"column":27}},"44":{"start":{"line":74,"column":4},"end":{"line":74,"column":73}},"45":{"start":{"line":79,"column":2},"end":{"line":79,"column":25}},"46":{"start":{"line":80,"column":2},"end":{"line":80,"column":41}},"47":{"start":{"line":81,"column":2},"end":{"line":81,"column":43}},"48":{"start":{"line":82,"column":2},"end":{"line":82,"column":16}},"49":{"start":{"line":83,"column":2},"end":{"line":83,"column":14}},"50":{"start":{"line":84,"column":2},"end":{"line":84,"column":17}},"51":{"start":{"line":86,"column":26},"end":{"line":86,"column":38}},"52":{"start":{"line":87,"column":29},"end":{"line":87,"column":41}},"53":{"start":{"line":88,"column":24},"end":{"line":88,"column":48}},"54":{"start":{"line":89,"column":13},"end":{"line":89,"column":25}},"55":{"start":{"line":90,"column":13},"end":{"line":90,"column":25}},"56":{"start":{"line":92,"column":4},"end":{"line":92,"column":73}},"57":{"start":{"line":97,"column":2},"end":{"line":100,"column":4}},"58":{"start":{"line":101,"column":2},"end":{"line":101,"column":16}},"59":{"start":{"line":106,"column":2},"end":{"line":106,"column":12}},"60":{"start":{"line":107,"column":2},"end":{"line":107,"column":13}},"61":{"start":{"line":108,"column":2},"end":{"line":108,"column":28}},"62":{"start":{"line":112,"column":2},"end":{"line":112,"column":13}},"63":{"start":{"line":116,"column":2},"end":{"line":116,"column":12}},"64":{"start":{"line":117,"column":2},"end":{"line":117,"column":13}},"65":{"start":{"line":121,"column":2},"end":{"line":121,"column":22}},"66":{"start":{"line":122,"column":2},"end":{"line":122,"column":23}},"67":{"start":{"line":126,"column":2},"end":{"line":126,"column":13}},"68":{"start":{"line":130,"column":2},"end":{"line":130,"column":12}},"69":{"start":{"line":131,"column":2},"end":{"line":131,"column":13}},"70":{"start":{"line":132,"column":2},"end":{"line":132,"column":12}},"71":{"start":{"line":136,"column":2},"end":{"line":136,"column":18}},"72":{"start":{"line":137,"column":2},"end":{"line":137,"column":18}},"73":{"start":{"line":138,"column":2},"end":{"line":138,"column":12}},"74":{"start":{"line":142,"column":2},"end":{"line":142,"column":18}},"75":{"start":{"line":143,"column":2},"end":{"line":143,"column":18}},"76":{"start":{"line":144,"column":2},"end":{"line":144,"column":17}},"77":{"start":{"line":145,"column":2},"end":{"line":145,"column":15}},"78":{"start":{"line":149,"column":2},"end":{"line":149,"column":37}},"79":{"start":{"line":150,"column":2},"end":{"line":150,"column":11}},"80":{"start":{"line":151,"column":2},"end":{"line":151,"column":26}},"81":{"start":{"line":152,"column":2},"end":{"line":152,"column":16}},"82":{"start":{"line":153,"column":2},"end":{"line":153,"column":13}},"83":{"start":{"line":154,"column":2},"end":{"line":154,"column":45}},"84":{"start":{"line":155,"column":2},"end":{"line":155,"column":47}},"85":{"start":{"line":156,"column":2},"end":{"line":156,"column":24}},"86":{"start":{"line":157,"column":13},"end":{"line":157,"column":25}},"87":{"start":{"line":158,"column":15},"end":{"line":158,"column":27}},"88":{"start":{"line":159,"column":16},"end":{"line":159,"column":28}},"89":{"start":{"line":164,"column":2},"end":{"line":164,"column":21}},"90":{"start":{"line":165,"column":2},"end":{"line":165,"column":47}},"91":{"start":{"line":166,"column":2},"end":{"line":166,"column":70}},"92":{"start":{"line":170,"column":2},"end":{"line":170,"column":13}},"93":{"start":{"line":171,"column":2},"end":{"line":171,"column":13}},"94":{"start":{"line":172,"column":2},"end":{"line":172,"column":14}},"95":{"start":{"line":176,"column":2},"end":{"line":176,"column":22}},"96":{"start":{"line":177,"column":2},"end":{"line":177,"column":23}},"97":{"start":{"line":181,"column":2},"end":{"line":181,"column":24}},"98":{"start":{"line":182,"column":2},"end":{"line":182,"column":23}},"99":{"start":{"line":183,"column":2},"end":{"line":183,"column":13}},"100":{"start":{"line":192,"column":4},"end":{"line":192,"column":12}},"101":{"start":{"line":187,"column":2},"end":{"line":187,"column":11}},"102":{"start":{"line":188,"column":2},"end":{"line":188,"column":17}},"103":{"start":{"line":189,"column":2},"end":{"line":189,"column":24}},"104":{"start":{"line":190,"column":2},"end":{"line":190,"column":23}},"105":{"start":{"line":193,"column":4},"end":{"line":193,"column":19}},"106":{"start":{"line":195,"column":12},"end":{"line":195,"column":33}},"107":{"start":{"line":199,"column":2},"end":{"line":199,"column":26}},"108":{"start":{"line":200,"column":2},"end":{"line":200,"column":14}},"109":{"start":{"line":201,"column":2},"end":{"line":201,"column":11}},"110":{"start":{"line":202,"column":2},"end":{"line":202,"column":16}},"111":{"start":{"line":203,"column":2},"end":{"line":203,"column":12}},"112":{"start":{"line":204,"column":74},"end":{"line":204,"column":86}},"113":{"start":{"line":205,"column":12},"end":{"line":205,"column":24}},"114":{"start":{"line":206,"column":11},"end":{"line":206,"column":23}},"115":{"start":{"line":210,"column":2},"end":{"line":210,"column":23}},"116":{"start":{"line":211,"column":2},"end":{"line":211,"column":16}},"117":{"start":{"line":212,"column":2},"end":{"line":212,"column":12}},"118":{"start":{"line":213,"column":74},"end":{"line":213,"column":86}},"119":{"start":{"line":214,"column":12},"end":{"line":214,"column":24}},"120":{"start":{"line":215,"column":11},"end":{"line":215,"column":23}},"121":{"start":{"line":219,"column":2},"end":{"line":219,"column":13}},"122":{"start":{"line":220,"column":2},"end":{"line":220,"column":14}},"123":{"start":{"line":221,"column":2},"end":{"line":221,"column":11}},"124":{"start":{"line":222,"column":2},"end":{"line":222,"column":14}},"125":{"start":{"line":223,"column":2},"end":{"line":223,"column":52}},"126":{"start":{"line":224,"column":2},"end":{"line":224,"column":66}},"127":{"start":{"line":225,"column":2},"end":{"line":225,"column":40}},"128":{"start":{"line":226,"column":2},"end":{"line":226,"column":32}},"129":{"start":{"line":227,"column":2},"end":{"line":227,"column":62}},"130":{"start":{"line":228,"column":2},"end":{"line":228,"column":35}},"131":{"start":{"line":229,"column":2},"end":{"line":229,"column":45}},"132":{"start":{"line":230,"column":2},"end":{"line":230,"column":47}},"133":{"start":{"line":231,"column":2},"end":{"line":231,"column":16}},"134":{"start":{"line":232,"column":2},"end":{"line":232,"column":14}},"135":{"start":{"line":233,"column":2},"end":{"line":233,"column":17}},"136":{"start":{"line":234,"column":2},"end":{"line":234,"column":24}},"137":{"start":{"line":235,"column":13},"end":{"line":235,"column":25}},"138":{"start":{"line":236,"column":15},"end":{"line":236,"column":27}},"139":{"start":{"line":238,"column":4},"end":{"line":238,"column":73}},"140":{"start":{"line":244,"column":2},"end":{"line":244,"column":39}},"141":{"start":{"line":245,"column":2},"end":{"line":245,"column":22}},"142":{"start":{"line":246,"column":2},"end":{"line":246,"column":12}},"143":{"start":{"line":247,"column":2},"end":{"line":247,"column":13}},"144":{"start":{"line":249,"column":4},"end":{"line":249,"column":23}},"145":{"start":{"line":250,"column":4},"end":{"line":250,"column":25}},"146":{"start":{"line":251,"column":4},"end":{"line":251,"column":16}},"147":{"start":{"line":253,"column":13},"end":{"line":253,"column":25}},"148":{"start":{"line":257,"column":2},"end":{"line":257,"column":42}},"149":{"start":{"line":258,"column":2},"end":{"line":258,"column":22}},"150":{"start":{"line":259,"column":2},"end":{"line":259,"column":18}},"151":{"start":{"line":260,"column":2},"end":{"line":260,"column":12}},"152":{"start":{"line":261,"column":2},"end":{"line":261,"column":13}},"153":{"start":{"line":263,"column":4},"end":{"line":263,"column":23}},"154":{"start":{"line":264,"column":4},"end":{"line":264,"column":25}},"155":{"start":{"line":265,"column":4},"end":{"line":265,"column":16}},"156":{"start":{"line":267,"column":13},"end":{"line":267,"column":25}},"157":{"start":{"line":271,"column":2},"end":{"line":271,"column":42}},"158":{"start":{"line":272,"column":2},"end":{"line":272,"column":22}},"159":{"start":{"line":273,"column":2},"end":{"line":273,"column":18}},"160":{"start":{"line":274,"column":2},"end":{"line":274,"column":12}},"161":{"start":{"line":275,"column":2},"end":{"line":275,"column":13}},"162":{"start":{"line":277,"column":4},"end":{"line":277,"column":23}},"163":{"start":{"line":278,"column":4},"end":{"line":278,"column":25}},"164":{"start":{"line":279,"column":4},"end":{"line":279,"column":16}},"165":{"start":{"line":281,"column":13},"end":{"line":281,"column":25}},"166":{"start":{"line":286,"column":2},"end":{"line":286,"column":35}},"167":{"start":{"line":287,"column":30},"end":{"line":287,"column":49}},"168":{"start":{"line":287,"column":50},"end":{"line":287,"column":62}},"169":{"start":{"line":288,"column":23},"end":{"line":288,"column":43}},"170":{"start":{"line":288,"column":44},"end":{"line":288,"column":56}},"171":{"start":{"line":289,"column":20},"end":{"line":289,"column":40}},"172":{"start":{"line":290,"column":25},"end":{"line":290,"column":47}},"173":{"start":{"line":295,"column":4},"end":{"line":295,"column":19}},"174":{"start":{"line":296,"column":4},"end":{"line":296,"column":27}},"175":{"start":{"line":301,"column":12},"end":{"line":314,"column":9}},"176":{"start":{"line":302,"column":2},"end":{"line":302,"column":44}},"177":{"start":{"line":303,"column":2},"end":{"line":303,"column":36}},"178":{"start":{"line":304,"column":2},"end":{"line":304,"column":38}},"179":{"start":{"line":305,"column":2},"end":{"line":309,"column":4}},"180":{"start":{"line":310,"column":2},"end":{"line":310,"column":27}},"181":{"start":{"line":311,"column":2},"end":{"line":311,"column":22}},"182":{"start":{"line":312,"column":2},"end":{"line":312,"column":21}},"183":{"start":{"line":313,"column":2},"end":{"line":313,"column":23}},"184":{"start":{"line":317,"column":0},"end":{"line":321,"column":2}},"185":{"start":{"line":322,"column":0},"end":{"line":322,"column":23}},"186":{"start":{"line":323,"column":0},"end":{"line":323,"column":45}},"187":{"start":{"line":324,"column":0},"end":{"line":324,"column":19}},"188":{"start":{"line":325,"column":0},"end":{"line":325,"column":66}},"189":{"start":{"line":325,"column":29},"end":{"line":325,"column":64}},"190":{"start":{"line":326,"column":0},"end":{"line":341,"column":2}},"191":{"start":{"line":328,"column":35},"end":{"line":328,"column":47}},"192":{"start":{"line":329,"column":29},"end":{"line":329,"column":48}},"193":{"start":{"line":330,"column":25},"end":{"line":330,"column":42}},"194":{"start":{"line":331,"column":24},"end":{"line":331,"column":51}},"195":{"start":{"line":337,"column":31},"end":{"line":337,"column":43}},"196":{"start":{"line":344,"column":0},"end":{"line":344,"column":20}},"197":{"start":{"line":345,"column":0},"end":{"line":345,"column":20}},"198":{"start":{"line":346,"column":0},"end":{"line":346,"column":18}},"199":{"start":{"line":347,"column":0},"end":{"line":347,"column":18}},"200":{"start":{"line":348,"column":0},"end":{"line":348,"column":16}},"201":{"start":{"line":349,"column":0},"end":{"line":349,"column":26}},"202":{"start":{"line":350,"column":0},"end":{"line":350,"column":20}},"203":{"start":{"line":351,"column":0},"end":{"line":351,"column":22}},"204":{"start":{"line":352,"column":0},"end":{"line":352,"column":16}},"205":{"start":{"line":353,"column":0},"end":{"line":353,"column":22}},"206":{"start":{"line":354,"column":0},"end":{"line":354,"column":40}},"207":{"start":{"line":355,"column":0},"end":{"line":355,"column":16}},"208":{"start":{"line":356,"column":0},"end":{"line":356,"column":28}},"209":{"start":{"line":357,"column":0},"end":{"line":357,"column":20}},"210":{"start":{"line":358,"column":0},"end":{"line":358,"column":20}},"211":{"start":{"line":359,"column":0},"end":{"line":359,"column":22}},"212":{"start":{"line":360,"column":0},"end":{"line":360,"column":24}},"213":{"start":{"line":361,"column":0},"end":{"line":361,"column":16}},"214":{"start":{"line":362,"column":0},"end":{"line":362,"column":36}},"215":{"start":{"line":363,"column":0},"end":{"line":363,"column":36}},"216":{"start":{"line":364,"column":0},"end":{"line":364,"column":20}},"217":{"start":{"line":365,"column":0},"end":{"line":365,"column":34}},"218":{"start":{"line":366,"column":0},"end":{"line":366,"column":16}},"219":{"start":{"line":367,"column":0},"end":{"line":367,"column":30}},"220":{"start":{"line":368,"column":0},"end":{"line":368,"column":36}},"221":{"start":{"line":369,"column":0},"end":{"line":369,"column":34}},"222":{"start":{"line":370,"column":0},"end":{"line":370,"column":24}},"223":{"start":{"line":373,"column":0},"end":{"line":373,"column":71}},"224":{"start":{"line":373,"column":55},"end":{"line":373,"column":67}},"225":{"start":{"line":374,"column":0},"end":{"line":374,"column":88}},"226":{"start":{"line":374,"column":51},"end":{"line":374,"column":71}},"227":{"start":{"line":374,"column":72},"end":{"line":374,"column":84}},"228":{"start":{"line":375,"column":0},"end":{"line":375,"column":90}},"229":{"start":{"line":375,"column":52},"end":{"line":375,"column":73}},"230":{"start":{"line":375,"column":74},"end":{"line":375,"column":86}},"231":{"start":{"line":376,"column":0},"end":{"line":376,"column":69}},"232":{"start":{"line":376,"column":53},"end":{"line":376,"column":65}},"233":{"start":{"line":377,"column":0},"end":{"line":377,"column":69}},"234":{"start":{"line":377,"column":53},"end":{"line":377,"column":65}},"235":{"start":{"line":378,"column":0},"end":{"line":378,"column":66}},"236":{"start":{"line":378,"column":50},"end":{"line":378,"column":62}},"237":{"start":{"line":379,"column":0},"end":{"line":379,"column":69}},"238":{"start":{"line":379,"column":53},"end":{"line":379,"column":65}},"239":{"start":{"line":380,"column":0},"end":{"line":380,"column":68}},"240":{"start":{"line":380,"column":52},"end":{"line":380,"column":64}},"241":{"start":{"line":381,"column":0},"end":{"line":381,"column":51}},"242":{"start":{"line":381,"column":39},"end":{"line":381,"column":49}},"243":{"start":{"line":382,"column":0},"end":{"line":382,"column":61}},"244":{"start":{"line":382,"column":44},"end":{"line":382,"column":59}},"245":{"start":{"line":383,"column":0},"end":{"line":383,"column":55}},"246":{"start":{"line":383,"column":41},"end":{"line":383,"column":53}},"247":{"start":{"line":384,"column":0},"end":{"line":384,"column":57}},"248":{"start":{"line":384,"column":42},"end":{"line":384,"column":55}},"249":{"start":{"line":385,"column":0},"end":{"line":385,"column":51}},"250":{"start":{"line":385,"column":39},"end":{"line":385,"column":49}},"251":{"start":{"line":386,"column":0},"end":{"line":386,"column":53}},"252":{"start":{"line":386,"column":40},"end":{"line":386,"column":51}},"253":{"start":{"line":387,"column":0},"end":{"line":387,"column":51}},"254":{"start":{"line":387,"column":39},"end":{"line":387,"column":49}},"255":{"start":{"line":388,"column":0},"end":{"line":388,"column":71}},"256":{"start":{"line":388,"column":49},"end":{"line":388,"column":69}},"257":{"start":{"line":389,"column":0},"end":{"line":389,"column":71}},"258":{"start":{"line":389,"column":49},"end":{"line":389,"column":69}},"259":{"start":{"line":390,"column":0},"end":{"line":390,"column":57}},"260":{"start":{"line":390,"column":42},"end":{"line":390,"column":55}},"261":{"start":{"line":393,"column":0},"end":{"line":393,"column":19}}},"fnMap":{"0":{"name":"(anonymous_0)","decl":{"start":{"line":10,"column":2},"end":{"line":10,"column":14}},"loc":{"start":{"line":10,"column":26},"end":{"line":13,"column":3}}},"1":{"name":"(anonymous_1)","decl":{"start":{"line":14,"column":2},"end":{"line":14,"column":5}},"loc":{"start":{"line":14,"column":26},"end":{"line":18,"column":3}}},"2":{"name":"(anonymous_2)","decl":{"start":{"line":19,"column":2},"end":{"line":19,"column":5}},"loc":{"start":{"line":19,"column":5},"end":{"line":19,"column":24}}},"3":{"name":"(anonymous_3)","decl":{"start":{"line":20,"column":2},"end":{"line":20,"column":5}},"loc":{"start":{"line":20,"column":5},"end":{"line":20,"column":24}}},"4":{"name":"(anonymous_4)","decl":{"start":{"line":21,"column":2},"end":{"line":21,"column":8}},"loc":{"start":{"line":21,"column":24},"end":{"line":21,"column":40}}},"5":{"name":"(anonymous_5)","decl":{"start":{"line":24,"column":0},"end":{"line":24,"column":6}},"loc":{"start":{"line":24,"column":0},"end":{"line":30,"column":1}}},"6":{"name":"(anonymous_6)","decl":{"start":{"line":27,"column":2},"end":{"line":27,"column":11}},"loc":{"start":{"line":27,"column":32},"end":{"line":27,"column":50}}},"7":{"name":"(anonymous_7)","decl":{"start":{"line":28,"column":2},"end":{"line":28,"column":7}},"loc":{"start":{"line":28,"column":28},"end":{"line":28,"column":46}}},"8":{"name":"(anonymous_8)","decl":{"start":{"line":29,"column":2},"end":{"line":29,"column":8}},"loc":{"start":{"line":29,"column":18},"end":{"line":29,"column":36}}},"9":{"name":"(anonymous_9)","decl":{"start":{"line":33,"column":2},"end":{"line":33,"column":18}},"loc":{"start":{"line":33,"column":18},"end":{"line":33,"column":37}}},"10":{"name":"(anonymous_10)","decl":{"start":{"line":34,"column":2},"end":{"line":34,"column":4}},"loc":{"start":{"line":34,"column":4},"end":{"line":34,"column":23}}},"11":{"name":"(anonymous_11)","decl":{"start":{"line":35,"column":2},"end":{"line":35,"column":9}},"loc":{"start":{"line":35,"column":9},"end":{"line":35,"column":28}}},"12":{"name":"(anonymous_12)","decl":{"start":{"line":38,"column":0},"end":{"line":38,"column":6}},"loc":{"start":{"line":38,"column":0},"end":{"line":42,"column":1}}},"13":{"name":"(anonymous_13)","decl":{"start":{"line":41,"column":2},"end":{"line":41,"column":11}},"loc":{"start":{"line":41,"column":11},"end":{"line":41,"column":30}}},"14":{"name":"(anonymous_14)","decl":{"start":{"line":44,"column":0},"end":{"line":44,"column":6}},"loc":{"start":{"line":44,"column":0},"end":{"line":53,"column":1}}},"15":{"name":"(anonymous_15)","decl":{"start":{"line":50,"column":2},"end":{"line":50,"column":7}},"loc":{"start":{"line":50,"column":20},"end":{"line":50,"column":38}}},"16":{"name":"(anonymous_16)","decl":{"start":{"line":51,"column":2},"end":{"line":51,"column":8}},"loc":{"start":{"line":51,"column":8},"end":{"line":51,"column":27}}},"17":{"name":"(anonymous_17)","decl":{"start":{"line":52,"column":2},"end":{"line":52,"column":9}},"loc":{"start":{"line":52,"column":9},"end":{"line":52,"column":28}}},"18":{"name":"(anonymous_18)","decl":{"start":{"line":55,"column":0},"end":{"line":55,"column":6}},"loc":{"start":{"line":55,"column":0},"end":{"line":76,"column":1}}},"19":{"name":"(anonymous_19)","decl":{"start":{"line":71,"column":2},"end":{"line":71,"column":8}},"loc":{"start":{"line":71,"column":8},"end":{"line":71,"column":27}}},"20":{"name":"(anonymous_20)","decl":{"start":{"line":72,"column":2},"end":{"line":72,"column":10}},"loc":{"start":{"line":72,"column":10},"end":{"line":72,"column":29}}},"21":{"name":"(anonymous_21)","decl":{"start":{"line":73,"column":2},"end":{"line":73,"column":23}},"loc":{"start":{"line":73,"column":23},"end":{"line":75,"column":3}}},"22":{"name":"(anonymous_22)","decl":{"start":{"line":78,"column":0},"end":{"line":78,"column":6}},"loc":{"start":{"line":78,"column":0},"end":{"line":94,"column":1}}},"23":{"name":"(anonymous_23)","decl":{"start":{"line":86,"column":2},"end":{"line":86,"column":5}},"loc":{"start":{"line":86,"column":22},"end":{"line":86,"column":40}}},"24":{"name":"(anonymous_24)","decl":{"start":{"line":87,"column":2},"end":{"line":87,"column":8}},"loc":{"start":{"line":87,"column":25},"end":{"line":87,"column":43}}},"25":{"name":"(anonymous_25)","decl":{"start":{"line":88,"column":2},"end":{"line":88,"column":9}},"loc":{"start":{"line":88,"column":20},"end":{"line":88,"column":50}}},"26":{"name":"(anonymous_26)","decl":{"start":{"line":89,"column":2},"end":{"line":89,"column":8}},"loc":{"start":{"line":89,"column":8},"end":{"line":89,"column":27}}},"27":{"name":"(anonymous_27)","decl":{"start":{"line":90,"column":2},"end":{"line":90,"column":8}},"loc":{"start":{"line":90,"column":8},"end":{"line":90,"column":27}}},"28":{"name":"(anonymous_28)","decl":{"start":{"line":91,"column":2},"end":{"line":91,"column":23}},"loc":{"start":{"line":91,"column":41},"end":{"line":93,"column":3}}},"29":{"name":"(anonymous_29)","decl":{"start":{"line":96,"column":0},"end":{"line":96,"column":6}},"loc":{"start":{"line":96,"column":0},"end":{"line":102,"column":1}}},"30":{"name":"(anonymous_30)","decl":{"start":{"line":105,"column":0},"end":{"line":105,"column":6}},"loc":{"start":{"line":105,"column":0},"end":{"line":109,"column":1}}},"31":{"name":"(anonymous_31)","decl":{"start":{"line":111,"column":0},"end":{"line":111,"column":6}},"loc":{"start":{"line":111,"column":0},"end":{"line":113,"column":1}}},"32":{"name":"(anonymous_32)","decl":{"start":{"line":115,"column":0},"end":{"line":115,"column":6}},"loc":{"start":{"line":115,"column":0},"end":{"line":118,"column":1}}},"33":{"name":"(anonymous_33)","decl":{"start":{"line":120,"column":0},"end":{"line":120,"column":6}},"loc":{"start":{"line":120,"column":0},"end":{"line":123,"column":1}}},"34":{"name":"(anonymous_34)","decl":{"start":{"line":125,"column":0},"end":{"line":125,"column":6}},"loc":{"start":{"line":125,"column":0},"end":{"line":127,"column":1}}},"35":{"name":"(anonymous_35)","decl":{"start":{"line":129,"column":0},"end":{"line":129,"column":6}},"loc":{"start":{"line":129,"column":0},"end":{"line":133,"column":1}}},"36":{"name":"(anonymous_36)","decl":{"start":{"line":135,"column":0},"end":{"line":135,"column":6}},"loc":{"start":{"line":135,"column":0},"end":{"line":139,"column":1}}},"37":{"name":"(anonymous_37)","decl":{"start":{"line":141,"column":0},"end":{"line":141,"column":6}},"loc":{"start":{"line":141,"column":0},"end":{"line":146,"column":1}}},"38":{"name":"(anonymous_38)","decl":{"start":{"line":148,"column":0},"end":{"line":148,"column":6}},"loc":{"start":{"line":148,"column":0},"end":{"line":160,"column":1}}},"39":{"name":"(anonymous_39)","decl":{"start":{"line":157,"column":2},"end":{"line":157,"column":8}},"loc":{"start":{"line":157,"column":8},"end":{"line":157,"column":27}}},"40":{"name":"(anonymous_40)","decl":{"start":{"line":158,"column":2},"end":{"line":158,"column":10}},"loc":{"start":{"line":158,"column":10},"end":{"line":158,"column":29}}},"41":{"name":"(anonymous_41)","decl":{"start":{"line":159,"column":2},"end":{"line":159,"column":11}},"loc":{"start":{"line":159,"column":11},"end":{"line":159,"column":30}}},"42":{"name":"(anonymous_42)","decl":{"start":{"line":163,"column":0},"end":{"line":163,"column":6}},"loc":{"start":{"line":163,"column":0},"end":{"line":167,"column":1}}},"43":{"name":"(anonymous_43)","decl":{"start":{"line":169,"column":0},"end":{"line":169,"column":6}},"loc":{"start":{"line":169,"column":0},"end":{"line":173,"column":1}}},"44":{"name":"(anonymous_44)","decl":{"start":{"line":175,"column":0},"end":{"line":175,"column":6}},"loc":{"start":{"line":175,"column":0},"end":{"line":178,"column":1}}},"45":{"name":"(anonymous_45)","decl":{"start":{"line":180,"column":0},"end":{"line":180,"column":6}},"loc":{"start":{"line":180,"column":0},"end":{"line":184,"column":1}}},"46":{"name":"(anonymous_46)","decl":{"start":{"line":191,"column":2},"end":{"line":191,"column":14}},"loc":{"start":{"line":191,"column":22},"end":{"line":194,"column":3}}},"47":{"name":"(anonymous_47)","decl":{"start":{"line":195,"column":2},"end":{"line":195,"column":7}},"loc":{"start":{"line":195,"column":7},"end":{"line":195,"column":35}}},"48":{"name":"(anonymous_48)","decl":{"start":{"line":198,"column":0},"end":{"line":198,"column":6}},"loc":{"start":{"line":198,"column":0},"end":{"line":207,"column":1}}},"49":{"name":"(anonymous_49)","decl":{"start":{"line":204,"column":2},"end":{"line":204,"column":6}},"loc":{"start":{"line":204,"column":70},"end":{"line":204,"column":88}}},"50":{"name":"(anonymous_50)","decl":{"start":{"line":205,"column":2},"end":{"line":205,"column":7}},"loc":{"start":{"line":205,"column":7},"end":{"line":205,"column":26}}},"51":{"name":"(anonymous_51)","decl":{"start":{"line":206,"column":2},"end":{"line":206,"column":6}},"loc":{"start":{"line":206,"column":6},"end":{"line":206,"column":25}}},"52":{"name":"(anonymous_52)","decl":{"start":{"line":209,"column":0},"end":{"line":209,"column":6}},"loc":{"start":{"line":209,"column":0},"end":{"line":216,"column":1}}},"53":{"name":"(anonymous_53)","decl":{"start":{"line":213,"column":2},"end":{"line":213,"column":6}},"loc":{"start":{"line":213,"column":70},"end":{"line":213,"column":88}}},"54":{"name":"(anonymous_54)","decl":{"start":{"line":214,"column":2},"end":{"line":214,"column":7}},"loc":{"start":{"line":214,"column":7},"end":{"line":214,"column":26}}},"55":{"name":"(anonymous_55)","decl":{"start":{"line":215,"column":2},"end":{"line":215,"column":6}},"loc":{"start":{"line":215,"column":6},"end":{"line":215,"column":25}}},"56":{"name":"(anonymous_56)","decl":{"start":{"line":218,"column":0},"end":{"line":218,"column":6}},"loc":{"start":{"line":218,"column":0},"end":{"line":240,"column":1}}},"57":{"name":"(anonymous_57)","decl":{"start":{"line":235,"column":2},"end":{"line":235,"column":8}},"loc":{"start":{"line":235,"column":8},"end":{"line":235,"column":27}}},"58":{"name":"(anonymous_58)","decl":{"start":{"line":236,"column":2},"end":{"line":236,"column":10}},"loc":{"start":{"line":236,"column":10},"end":{"line":236,"column":29}}},"59":{"name":"(anonymous_59)","decl":{"start":{"line":237,"column":2},"end":{"line":237,"column":23}},"loc":{"start":{"line":237,"column":23},"end":{"line":239,"column":3}}},"60":{"name":"(anonymous_60)","decl":{"start":{"line":243,"column":0},"end":{"line":243,"column":6}},"loc":{"start":{"line":243,"column":0},"end":{"line":254,"column":1}}},"61":{"name":"(anonymous_61)","decl":{"start":{"line":248,"column":2},"end":{"line":248,"column":9}},"loc":{"start":{"line":248,"column":39},"end":{"line":252,"column":3}}},"62":{"name":"(anonymous_62)","decl":{"start":{"line":253,"column":2},"end":{"line":253,"column":8}},"loc":{"start":{"line":253,"column":8},"end":{"line":253,"column":27}}},"63":{"name":"(anonymous_63)","decl":{"start":{"line":256,"column":0},"end":{"line":256,"column":6}},"loc":{"start":{"line":256,"column":0},"end":{"line":268,"column":1}}},"64":{"name":"(anonymous_64)","decl":{"start":{"line":262,"column":2},"end":{"line":262,"column":9}},"loc":{"start":{"line":262,"column":39},"end":{"line":266,"column":3}}},"65":{"name":"(anonymous_65)","decl":{"start":{"line":267,"column":2},"end":{"line":267,"column":8}},"loc":{"start":{"line":267,"column":8},"end":{"line":267,"column":27}}},"66":{"name":"(anonymous_66)","decl":{"start":{"line":270,"column":0},"end":{"line":270,"column":6}},"loc":{"start":{"line":270,"column":0},"end":{"line":282,"column":1}}},"67":{"name":"(anonymous_67)","decl":{"start":{"line":276,"column":2},"end":{"line":276,"column":9}},"loc":{"start":{"line":276,"column":39},"end":{"line":280,"column":3}}},"68":{"name":"(anonymous_68)","decl":{"start":{"line":281,"column":2},"end":{"line":281,"column":8}},"loc":{"start":{"line":281,"column":8},"end":{"line":281,"column":27}}},"69":{"name":"(anonymous_69)","decl":{"start":{"line":285,"column":0},"end":{"line":285,"column":6}},"loc":{"start":{"line":285,"column":0},"end":{"line":291,"column":1}}},"70":{"name":"(anonymous_70)","decl":{"start":{"line":287,"column":2},"end":{"line":287,"column":5}},"loc":{"start":{"line":287,"column":26},"end":{"line":287,"column":64}}},"71":{"name":"(anonymous_71)","decl":{"start":{"line":288,"column":2},"end":{"line":288,"column":8}},"loc":{"start":{"line":288,"column":19},"end":{"line":288,"column":58}}},"72":{"name":"(anonymous_72)","decl":{"start":{"line":289,"column":2},"end":{"line":289,"column":5}},"loc":{"start":{"line":289,"column":16},"end":{"line":289,"column":42}}},"73":{"name":"(anonymous_73)","decl":{"start":{"line":290,"column":2},"end":{"line":290,"column":10}},"loc":{"start":{"line":290,"column":21},"end":{"line":290,"column":49}}},"74":{"name":"(anonymous_74)","decl":{"start":{"line":294,"column":2},"end":{"line":294,"column":14}},"loc":{"start":{"line":294,"column":29},"end":{"line":297,"column":3}}},"75":{"name":"(anonymous_75)","decl":{"start":{"line":301,"column":41},"end":{"line":301,"column":61}},"loc":{"start":{"line":301,"column":73},"end":{"line":314,"column":1}}},"76":{"name":"(anonymous_76)","decl":{"start":{"line":325,"column":23},"end":{"line":325,"column":26}},"loc":{"start":{"line":325,"column":29},"end":{"line":325,"column":64}}},"77":{"name":"(anonymous_77)","decl":{"start":{"line":328,"column":29},"end":{"line":328,"column":32}},"loc":{"start":{"line":328,"column":35},"end":{"line":328,"column":47}}},"78":{"name":"(anonymous_78)","decl":{"start":{"line":329,"column":16},"end":{"line":329,"column":17}},"loc":{"start":{"line":329,"column":29},"end":{"line":329,"column":48}}},"79":{"name":"(anonymous_79)","decl":{"start":{"line":330,"column":15},"end":{"line":330,"column":16}},"loc":{"start":{"line":330,"column":25},"end":{"line":330,"column":42}}},"80":{"name":"(anonymous_80)","decl":{"start":{"line":331,"column":19},"end":{"line":331,"column":20}},"loc":{"start":{"line":331,"column":24},"end":{"line":331,"column":51}}},"81":{"name":"(anonymous_81)","decl":{"start":{"line":337,"column":25},"end":{"line":337,"column":28}},"loc":{"start":{"line":337,"column":31},"end":{"line":337,"column":43}}},"82":{"name":"(anonymous_82)","decl":{"start":{"line":373,"column":33},"end":{"line":373,"column":55}},"loc":{"start":{"line":373,"column":33},"end":{"line":373,"column":69}}},"83":{"name":"(anonymous_83)","decl":{"start":{"line":374,"column":29},"end":{"line":374,"column":51}},"loc":{"start":{"line":374,"column":29},"end":{"line":374,"column":86}}},"84":{"name":"(anonymous_84)","decl":{"start":{"line":375,"column":30},"end":{"line":375,"column":52}},"loc":{"start":{"line":375,"column":30},"end":{"line":375,"column":88}}},"85":{"name":"(anonymous_85)","decl":{"start":{"line":376,"column":31},"end":{"line":376,"column":53}},"loc":{"start":{"line":376,"column":31},"end":{"line":376,"column":67}}},"86":{"name":"(anonymous_86)","decl":{"start":{"line":377,"column":31},"end":{"line":377,"column":53}},"loc":{"start":{"line":377,"column":31},"end":{"line":377,"column":67}}},"87":{"name":"(anonymous_87)","decl":{"start":{"line":378,"column":28},"end":{"line":378,"column":50}},"loc":{"start":{"line":378,"column":28},"end":{"line":378,"column":64}}},"88":{"name":"(anonymous_88)","decl":{"start":{"line":379,"column":31},"end":{"line":379,"column":53}},"loc":{"start":{"line":379,"column":31},"end":{"line":379,"column":67}}},"89":{"name":"(anonymous_89)","decl":{"start":{"line":380,"column":30},"end":{"line":380,"column":52}},"loc":{"start":{"line":380,"column":30},"end":{"line":380,"column":66}}},"90":{"name":"(anonymous_90)","decl":{"start":{"line":381,"column":33},"end":{"line":381,"column":36}},"loc":{"start":{"line":381,"column":39},"end":{"line":381,"column":49}}},"91":{"name":"(anonymous_91)","decl":{"start":{"line":382,"column":38},"end":{"line":382,"column":41}},"loc":{"start":{"line":382,"column":44},"end":{"line":382,"column":59}}},"92":{"name":"(anonymous_92)","decl":{"start":{"line":383,"column":35},"end":{"line":383,"column":38}},"loc":{"start":{"line":383,"column":41},"end":{"line":383,"column":53}}},"93":{"name":"(anonymous_93)","decl":{"start":{"line":384,"column":36},"end":{"line":384,"column":39}},"loc":{"start":{"line":384,"column":42},"end":{"line":384,"column":55}}},"94":{"name":"(anonymous_94)","decl":{"start":{"line":385,"column":33},"end":{"line":385,"column":36}},"loc":{"start":{"line":385,"column":39},"end":{"line":385,"column":49}}},"95":{"name":"(anonymous_95)","decl":{"start":{"line":386,"column":34},"end":{"line":386,"column":37}},"loc":{"start":{"line":386,"column":40},"end":{"line":386,"column":51}}},"96":{"name":"(anonymous_96)","decl":{"start":{"line":387,"column":33},"end":{"line":387,"column":36}},"loc":{"start":{"line":387,"column":39},"end":{"line":387,"column":49}}},"97":{"name":"(anonymous_97)","decl":{"start":{"line":388,"column":43},"end":{"line":388,"column":46}},"loc":{"start":{"line":388,"column":49},"end":{"line":388,"column":69}}},"98":{"name":"(anonymous_98)","decl":{"start":{"line":389,"column":43},"end":{"line":389,"column":46}},"loc":{"start":{"line":389,"column":49},"end":{"line":389,"column":69}}},"99":{"name":"(anonymous_99)","decl":{"start":{"line":390,"column":36},"end":{"line":390,"column":39}},"loc":{"start":{"line":390,"column":42},"end":{"line":390,"column":55}}}},"branchMap":{"0":{"loc":{"start":{"line":10,"column":14},"end":{"line":10,"column":19}},"type":"default-arg","locations":[{"start":{"line":10,"column":18},"end":{"line":10,"column":19}}]},"1":{"loc":{"start":{"line":10,"column":21},"end":{"line":10,"column":26}},"type":"default-arg","locations":[{"start":{"line":10,"column":25},"end":{"line":10,"column":26}}]},"2":{"loc":{"start":{"line":191,"column":14},"end":{"line":191,"column":22}},"type":"default-arg","locations":[{"start":{"line":191,"column":20},"end":{"line":191,"column":22}}]},"3":{"loc":{"start":{"line":301,"column":61},"end":{"line":301,"column":73}},"type":"default-arg","locations":[{"start":{"line":301,"column":71},"end":{"line":301,"column":73}}]},"4":{"loc":{"start":{"line":302,"column":14},"end":{"line":302,"column":43}},"type":"binary-expr","locations":[{"start":{"line":302,"column":14},"end":{"line":302,"column":26}},{"start":{"line":302,"column":30},"end":{"line":302,"column":43}}]},"5":{"loc":{"start":{"line":303,"column":15},"end":{"line":303,"column":35}},"type":"binary-expr","locations":[{"start":{"line":303,"column":15},"end":{"line":303,"column":28}},{"start":{"line":303,"column":32},"end":{"line":303,"column":35}}]},"6":{"loc":{"start":{"line":304,"column":16},"end":{"line":304,"column":37}},"type":"binary-expr","locations":[{"start":{"line":304,"column":16},"end":{"line":304,"column":30}},{"start":{"line":304,"column":34},"end":{"line":304,"column":37}}]}},"s":{"0":86,"1":86,"2":4,"3":4,"4":4,"5":0,"6":0,"7":0,"8":71,"9":71,"10":0,"11":0,"12":0,"13":0,"14":0,"15":0,"16":48,"17":48,"18":0,"19":34,"20":34,"21":34,"22":34,"23":34,"24":0,"25":0,"26":0,"27":17,"28":17,"29":17,"30":17,"31":17,"32":17,"33":17,"34":17,"35":17,"36":17,"37":17,"38":17,"39":17,"40":17,"41":17,"42":0,"43":0,"44":0,"45":15,"46":15,"47":15,"48":15,"49":15,"50":15,"51":3,"52":1,"53":0,"54":1,"55":1,"56":1,"57":9,"58":9,"59":7,"60":7,"61":7,"62":5,"63":1,"64":1,"65":1,"66":1,"67":1,"68":1,"69":1,"70":1,"71":1,"72":1,"73":1,"74":0,"75":0,"76":0,"77":0,"78":0,"79":0,"80":0,"81":0,"82":0,"83":0,"84":0,"85":0,"86":0,"87":0,"88":0,"89":4,"90":4,"91":4,"92":4,"93":4,"94":4,"95":2,"96":2,"97":2,"98":2,"99":2,"100":6,"101":6,"102":6,"103":6,"104":6,"105":6,"106":1,"107":1,"108":1,"109":1,"110":1,"111":1,"112":1,"113":1,"114":1,"115":1,"116":1,"117":1,"118":1,"119":1,"120":1,"121":0,"122":0,"123":0,"124":0,"125":0,"126":0,"127":0,"128":0,"129":0,"130":0,"131":0,"132":0,"133":0,"134":0,"135":0,"136":0,"137":0,"138":0,"139":0,"140":1,"141":1,"142":1,"143":1,"144":1,"145":1,"146":1,"147":1,"148":1,"149":1,"150":1,"151":1,"152":1,"153":1,"154":1,"155":1,"156":1,"157":1,"158":1,"159":1,"160":1,"161":1,"162":1,"163":1,"164":1,"165":1,"166":1,"167":1,"168":1,"169":1,"170":1,"171":1,"172":1,"173":1,"174":1,"175":6,"176":7,"177":7,"178":7,"179":7,"180":7,"181":7,"182":7,"183":7,"184":6,"185":6,"186":6,"187":6,"188":6,"189":0,"190":6,"191":1,"192":1,"193":1,"194":1,"195":1,"196":6,"197":6,"198":6,"199":6,"200":6,"201":6,"202":6,"203":6,"204":6,"205":6,"206":6,"207":6,"208":6,"209":6,"210":6,"211":6,"212":6,"213":6,"214":6,"215":6,"216":6,"217":6,"218":6,"219":6,"220":6,"221":6,"222":6,"223":6,"224":0,"225":6,"226":0,"227":0,"228":6,"229":0,"230":0,"231":6,"232":0,"233":6,"234":0,"235":6,"236":0,"237":6,"238":1,"239":6,"240":0,"241":6,"242":0,"243":6,"244":1,"245":6,"246":2,"247":6,"248":0,"249":6,"250":0,"251":6,"252":1,"253":6,"254":0,"255":6,"256":1,"257":6,"258":1,"259":6,"260":0,"261":6},"f":{"0":86,"1":4,"2":0,"3":0,"4":0,"5":71,"6":0,"7":0,"8":0,"9":0,"10":0,"11":0,"12":48,"13":0,"14":34,"15":0,"16":0,"17":0,"18":17,"19":0,"20":0,"21":0,"22":15,"23":3,"24":1,"25":0,"26":1,"27":1,"28":1,"29":9,"30":7,"31":5,"32":1,"33":1,"34":1,"35":1,"36":1,"37":0,"38":0,"39":0,"40":0,"41":0,"42":4,"43":4,"44":2,"45":2,"46":6,"47":1,"48":1,"49":1,"50":1,"51":1,"52":1,"53":1,"54":1,"55":1,"56":0,"57":0,"58":0,"59":0,"60":1,"61":1,"62":1,"63":1,"64":1,"65":1,"66":1,"67":1,"68":1,"69":1,"70":1,"71":1,"72":1,"73":1,"74":1,"75":7,"76":0,"77":1,"78":1,"79":1,"80":1,"81":1,"82":0,"83":0,"84":0,"85":0,"86":0,"87":0,"88":1,"89":0,"90":0,"91":1,"92":2,"93":0,"94":0,"95":1,"96":0,"97":1,"98":1,"99":0},"b":{"0":[69],"1":[69],"2":[6],"3":[3],"4":[7,3],"5":[7,3],"6":[7,3]}}
}
