TN:
SF:setup.ts
FN:10,(anonymous_0)
FN:14,(anonymous_1)
FN:19,(anonymous_2)
FN:20,(anonymous_3)
FN:21,(anonymous_4)
FN:24,(anonymous_5)
FN:27,(anonymous_6)
FN:28,(anonymous_7)
FN:29,(anonymous_8)
FN:33,(anonymous_9)
FN:34,(anonymous_10)
FN:35,(anonymous_11)
FN:38,(anonymous_12)
FN:41,(anonymous_13)
FN:44,(anonymous_14)
FN:50,(anonymous_15)
FN:51,(anonymous_16)
FN:52,(anonymous_17)
FN:55,(anonymous_18)
FN:71,(anonymous_19)
FN:72,(anonymous_20)
FN:73,(anonymous_21)
FN:78,(anonymous_22)
FN:86,(anonymous_23)
FN:87,(anonymous_24)
FN:88,(anonymous_25)
FN:89,(anonymous_26)
FN:90,(anonymous_27)
FN:91,(anonymous_28)
FN:96,(anonymous_29)
FN:105,(anonymous_30)
FN:111,(anonymous_31)
FN:115,(anonymous_32)
FN:120,(anonymous_33)
FN:125,(anonymous_34)
FN:129,(anonymous_35)
FN:135,(anonymous_36)
FN:141,(anonymous_37)
FN:148,(anonymous_38)
FN:157,(anonymous_39)
FN:158,(anonymous_40)
FN:159,(anonymous_41)
FN:163,(anonymous_42)
FN:169,(anonymous_43)
FN:175,(anonymous_44)
FN:180,(anonymous_45)
FN:191,(anonymous_46)
FN:195,(anonymous_47)
FN:198,(anonymous_48)
FN:204,(anonymous_49)
FN:205,(anonymous_50)
FN:206,(anonymous_51)
FN:209,(anonymous_52)
FN:213,(anonymous_53)
FN:214,(anonymous_54)
FN:215,(anonymous_55)
FN:218,(anonymous_56)
FN:235,(anonymous_57)
FN:236,(anonymous_58)
FN:237,(anonymous_59)
FN:243,(anonymous_60)
FN:248,(anonymous_61)
FN:253,(anonymous_62)
FN:256,(anonymous_63)
FN:262,(anonymous_64)
FN:267,(anonymous_65)
FN:270,(anonymous_66)
FN:276,(anonymous_67)
FN:281,(anonymous_68)
FN:285,(anonymous_69)
FN:287,(anonymous_70)
FN:288,(anonymous_71)
FN:289,(anonymous_72)
FN:290,(anonymous_73)
FN:294,(anonymous_74)
FN:301,(anonymous_75)
FN:325,(anonymous_76)
FN:328,(anonymous_77)
FN:329,(anonymous_78)
FN:330,(anonymous_79)
FN:331,(anonymous_80)
FN:337,(anonymous_81)
FN:373,(anonymous_82)
FN:374,(anonymous_83)
FN:375,(anonymous_84)
FN:376,(anonymous_85)
FN:377,(anonymous_86)
FN:378,(anonymous_87)
FN:379,(anonymous_88)
FN:380,(anonymous_89)
FN:381,(anonymous_90)
FN:382,(anonymous_91)
FN:383,(anonymous_92)
FN:384,(anonymous_93)
FN:385,(anonymous_94)
FN:386,(anonymous_95)
FN:387,(anonymous_96)
FN:388,(anonymous_97)
FN:389,(anonymous_98)
FN:390,(anonymous_99)
FNF:100
FNH:61
FNDA:86,(anonymous_0)
FNDA:4,(anonymous_1)
FNDA:0,(anonymous_2)
FNDA:0,(anonymous_3)
FNDA:0,(anonymous_4)
FNDA:71,(anonymous_5)
FNDA:0,(anonymous_6)
FNDA:0,(anonymous_7)
FNDA:0,(anonymous_8)
FNDA:0,(anonymous_9)
FNDA:0,(anonymous_10)
FNDA:0,(anonymous_11)
FNDA:48,(anonymous_12)
FNDA:0,(anonymous_13)
FNDA:34,(anonymous_14)
FNDA:0,(anonymous_15)
FNDA:0,(anonymous_16)
FNDA:0,(anonymous_17)
FNDA:17,(anonymous_18)
FNDA:0,(anonymous_19)
FNDA:0,(anonymous_20)
FNDA:0,(anonymous_21)
FNDA:15,(anonymous_22)
FNDA:3,(anonymous_23)
FNDA:1,(anonymous_24)
FNDA:0,(anonymous_25)
FNDA:1,(anonymous_26)
FNDA:1,(anonymous_27)
FNDA:1,(anonymous_28)
FNDA:9,(anonymous_29)
FNDA:7,(anonymous_30)
FNDA:5,(anonymous_31)
FNDA:1,(anonymous_32)
FNDA:1,(anonymous_33)
FNDA:1,(anonymous_34)
FNDA:1,(anonymous_35)
FNDA:1,(anonymous_36)
FNDA:0,(anonymous_37)
FNDA:0,(anonymous_38)
FNDA:0,(anonymous_39)
FNDA:0,(anonymous_40)
FNDA:0,(anonymous_41)
FNDA:4,(anonymous_42)
FNDA:4,(anonymous_43)
FNDA:2,(anonymous_44)
FNDA:2,(anonymous_45)
FNDA:6,(anonymous_46)
FNDA:1,(anonymous_47)
FNDA:1,(anonymous_48)
FNDA:1,(anonymous_49)
FNDA:1,(anonymous_50)
FNDA:1,(anonymous_51)
FNDA:1,(anonymous_52)
FNDA:1,(anonymous_53)
FNDA:1,(anonymous_54)
FNDA:1,(anonymous_55)
FNDA:0,(anonymous_56)
FNDA:0,(anonymous_57)
FNDA:0,(anonymous_58)
FNDA:0,(anonymous_59)
FNDA:1,(anonymous_60)
FNDA:1,(anonymous_61)
FNDA:1,(anonymous_62)
FNDA:1,(anonymous_63)
FNDA:1,(anonymous_64)
FNDA:1,(anonymous_65)
FNDA:1,(anonymous_66)
FNDA:1,(anonymous_67)
FNDA:1,(anonymous_68)
FNDA:1,(anonymous_69)
FNDA:1,(anonymous_70)
FNDA:1,(anonymous_71)
FNDA:1,(anonymous_72)
FNDA:1,(anonymous_73)
FNDA:1,(anonymous_74)
FNDA:7,(anonymous_75)
FNDA:0,(anonymous_76)
FNDA:1,(anonymous_77)
FNDA:1,(anonymous_78)
FNDA:1,(anonymous_79)
FNDA:1,(anonymous_80)
FNDA:1,(anonymous_81)
FNDA:0,(anonymous_82)
FNDA:0,(anonymous_83)
FNDA:0,(anonymous_84)
FNDA:0,(anonymous_85)
FNDA:0,(anonymous_86)
FNDA:0,(anonymous_87)
FNDA:1,(anonymous_88)
FNDA:0,(anonymous_89)
FNDA:0,(anonymous_90)
FNDA:1,(anonymous_91)
FNDA:2,(anonymous_92)
FNDA:0,(anonymous_93)
FNDA:0,(anonymous_94)
FNDA:1,(anonymous_95)
FNDA:0,(anonymous_96)
FNDA:1,(anonymous_97)
FNDA:1,(anonymous_98)
FNDA:0,(anonymous_99)
DA:11,86
DA:12,86
DA:15,4
DA:16,4
DA:17,4
DA:19,0
DA:20,0
DA:21,0
DA:25,71
DA:26,71
DA:27,0
DA:28,0
DA:29,0
DA:33,0
DA:34,0
DA:35,0
DA:39,48
DA:40,48
DA:41,0
DA:45,34
DA:46,34
DA:47,34
DA:48,34
DA:49,34
DA:50,0
DA:51,0
DA:52,0
DA:56,17
DA:57,17
DA:58,17
DA:59,17
DA:60,17
DA:61,17
DA:62,17
DA:63,17
DA:64,17
DA:65,17
DA:66,17
DA:67,17
DA:68,17
DA:69,17
DA:70,17
DA:71,0
DA:72,0
DA:74,0
DA:79,15
DA:80,15
DA:81,15
DA:82,15
DA:83,15
DA:84,15
DA:86,3
DA:87,1
DA:88,0
DA:89,1
DA:90,1
DA:92,1
DA:97,9
DA:101,9
DA:106,7
DA:107,7
DA:108,7
DA:112,5
DA:116,1
DA:117,1
DA:121,1
DA:122,1
DA:126,1
DA:130,1
DA:131,1
DA:132,1
DA:136,1
DA:137,1
DA:138,1
DA:142,0
DA:143,0
DA:144,0
DA:145,0
DA:149,0
DA:150,0
DA:151,0
DA:152,0
DA:153,0
DA:154,0
DA:155,0
DA:156,0
DA:157,0
DA:158,0
DA:159,0
DA:164,4
DA:165,4
DA:166,4
DA:170,4
DA:171,4
DA:172,4
DA:176,2
DA:177,2
DA:181,2
DA:182,2
DA:183,2
DA:187,6
DA:188,6
DA:189,6
DA:190,6
DA:192,6
DA:193,6
DA:195,1
DA:199,1
DA:200,1
DA:201,1
DA:202,1
DA:203,1
DA:204,1
DA:205,1
DA:206,1
DA:210,1
DA:211,1
DA:212,1
DA:213,1
DA:214,1
DA:215,1
DA:219,0
DA:220,0
DA:221,0
DA:222,0
DA:223,0
DA:224,0
DA:225,0
DA:226,0
DA:227,0
DA:228,0
DA:229,0
DA:230,0
DA:231,0
DA:232,0
DA:233,0
DA:234,0
DA:235,0
DA:236,0
DA:238,0
DA:244,1
DA:245,1
DA:246,1
DA:247,1
DA:249,1
DA:250,1
DA:251,1
DA:253,1
DA:257,1
DA:258,1
DA:259,1
DA:260,1
DA:261,1
DA:263,1
DA:264,1
DA:265,1
DA:267,1
DA:271,1
DA:272,1
DA:273,1
DA:274,1
DA:275,1
DA:277,1
DA:278,1
DA:279,1
DA:281,1
DA:286,1
DA:287,1
DA:288,1
DA:289,1
DA:290,1
DA:295,1
DA:296,1
DA:301,6
DA:302,7
DA:303,7
DA:304,7
DA:305,7
DA:310,7
DA:311,7
DA:312,7
DA:313,7
DA:317,6
DA:322,6
DA:323,6
DA:324,6
DA:325,6
DA:326,6
DA:328,1
DA:329,1
DA:330,1
DA:331,1
DA:337,1
DA:344,6
DA:345,6
DA:346,6
DA:347,6
DA:348,6
DA:349,6
DA:350,6
DA:351,6
DA:352,6
DA:353,6
DA:354,6
DA:355,6
DA:356,6
DA:357,6
DA:358,6
DA:359,6
DA:360,6
DA:361,6
DA:362,6
DA:363,6
DA:364,6
DA:365,6
DA:366,6
DA:367,6
DA:368,6
DA:369,6
DA:370,6
DA:373,6
DA:374,6
DA:375,6
DA:376,6
DA:377,6
DA:378,6
DA:379,6
DA:380,6
DA:381,6
DA:382,6
DA:383,6
DA:384,6
DA:385,6
DA:386,6
DA:387,6
DA:388,6
DA:389,6
DA:390,6
DA:393,6
LF:239
LH:188
BRDA:10,0,0,69
BRDA:10,1,0,69
BRDA:191,2,0,6
BRDA:301,3,0,3
BRDA:302,4,0,7
BRDA:302,4,1,3
BRDA:303,5,0,7
BRDA:303,5,1,3
BRDA:304,6,0,7
BRDA:304,6,1,3
BRF:10
BRH:10
end_of_record
